# JRE version: Java(TM) SE Runtime Environment (8.0_20-b26) (build 1.8.0_20-b26)
# Java VM: Java HotSpot(TM) 64-Bit Server VM (25.20-b23 mixed mode windows-amd64 compressed oops)
Heap:
 PSYoungGen      total 320000K, used 261404K [0x00000000eb400000, 0x0000000100000000, 0x0000000100000000)
  eden space 299008K, 87% used [0x00000000eb400000,0x00000000fb3472d0,0x00000000fd800000)
  from space 20992K, 0% used [0x00000000feb80000,0x00000000feb80000,0x0000000100000000)
  to   space 19968K, 0% used [0x00000000fd800000,0x00000000fd800000,0x00000000feb80000)
 ParOldGen       total 57856K, used 25902K [0x00000000c1c00000, 0x00000000c5480000, 0x00000000eb400000)
  object space 57856K, 44% used [0x00000000c1c00000,0x00000000c354bb80,0x00000000c5480000)
 Metaspace       used 59706K, capacity 61350K, committed 61864K, reserved 1103872K
  class space    used 7166K, capacity 7504K, committed 7592K, reserved 1048576K
GC Heap History (10 events):
Event: 4382.256 GC heap before
{Heap before GC invocations=33 (full 7):
 PSYoungGen      total 292864K, used 63122K [0x00000000eb400000, 0x00000000ff000000, 0x0000000100000000)
  eden space 283648K, 19% used [0x00000000eb400000,0x00000000ee904708,0x00000000fc900000)
  from space 9216K, 95% used [0x00000000fd600000,0x00000000fdea0470,0x00000000fdf00000)
  to   space 17408K, 0% used [0x00000000fdf00000,0x00000000fdf00000,0x00000000ff000000)
 ParOldGen       total 57856K, used 27268K [0x00000000c1c00000, 0x00000000c5480000, 0x00000000eb400000)
  object space 57856K, 47% used [0x00000000c1c00000,0x00000000c36a1190,0x00000000c5480000)
 Metaspace       used 58922K, capacity 60750K, committed 61096K, reserved 1103872K
  class space    used 7134K, capacity 7467K, committed 7592K, reserved 1048576K
Event: 4382.303 GC heap after
Heap after GC invocations=33 (full 7):
 PSYoungGen      total 300032K, used 2480K [0x00000000eb400000, 0x00000000fef00000, 0x0000000100000000)
  eden space 283648K, 0% used [0x00000000eb400000,0x00000000eb400000,0x00000000fc900000)
  from space 16384K, 15% used [0x00000000fdf00000,0x00000000fe16c090,0x00000000fef00000)
  to   space 19456K, 0% used [0x00000000fc900000,0x00000000fc900000,0x00000000fdc00000)
 ParOldGen       total 57856K, used 27276K [0x00000000c1c00000, 0x00000000c5480000, 0x00000000eb400000)
  object space 57856K, 47% used [0x00000000c1c00000,0x00000000c36a3190,0x00000000c5480000)
 Metaspace       used 58922K, capacity 60750K, committed 61096K, reserved 1103872K
  class space    used 7134K, capacity 7467K, committed 7592K, reserved 1048576K
}
Event: 4382.303 GC heap before
{Heap before GC invocations=34 (full 8):
 PSYoungGen      total 300032K, used 2480K [0x00000000eb400000, 0x00000000fef00000, 0x0000000100000000)
  eden space 283648K, 0% used [0x00000000eb400000,0x00000000eb400000,0x00000000fc900000)
  from space 16384K, 15% used [0x00000000fdf00000,0x00000000fe16c090,0x00000000fef00000)
  to   space 19456K, 0% used [0x00000000fc900000,0x00000000fc900000,0x00000000fdc00000)
 ParOldGen       total 57856K, used 27276K [0x00000000c1c00000, 0x00000000c5480000, 0x00000000eb400000)
  object space 57856K, 47% used [0x00000000c1c00000,0x00000000c36a3190,0x00000000c5480000)
 Metaspace       used 58922K, capacity 60750K, committed 61096K, reserved 1103872K
  class space    used 7134K, capacity 7467K, committed 7592K, reserved 1048576K
Event: 4393.699 GC heap after
Heap after GC invocations=34 (full 8):
 PSYoungGen      total 300032K, used 0K [0x00000000eb400000, 0x00000000fef00000, 0x0000000100000000)
  eden space 283648K, 0% used [0x00000000eb400000,0x00000000eb400000,0x00000000fc900000)
  from space 16384K, 0% used [0x00000000fdf00000,0x00000000fdf00000,0x00000000fef00000)
  to   space 19456K, 0% used [0x00000000fc900000,0x00000000fc900000,0x00000000fdc00000)
 ParOldGen       total 57856K, used 23672K [0x00000000c1c00000, 0x00000000c5480000, 0x00000000eb400000)
  object space 57856K, 40% used [0x00000000c1c00000,0x00000000c331e1a0,0x00000000c5480000)
 Metaspace       used 58515K, capacity 59952K, committed 61096K, reserved 1103872K
  class space    used 7060K, capacity 7333K, committed 7592K, reserved 1048576K
}
Event: 4408.600 GC heap before
{Heap before GC invocations=35 (full 8):
 PSYoungGen      total 300032K, used 283648K [0x00000000eb400000, 0x00000000fef00000, 0x0000000100000000)
  eden space 283648K, 100% used [0x00000000eb400000,0x00000000fc900000,0x00000000fc900000)
  from space 16384K, 0% used [0x00000000fdf00000,0x00000000fdf00000,0x00000000fef00000)
  to   space 19456K, 0% used [0x00000000fc900000,0x00000000fc900000,0x00000000fdc00000)
 ParOldGen       total 57856K, used 23672K [0x00000000c1c00000, 0x00000000c5480000, 0x00000000eb400000)
  object space 57856K, 40% used [0x00000000c1c00000,0x00000000c331e1a0,0x00000000c5480000)
 Metaspace       used 59030K, capacity 60540K, committed 61352K, reserved 1103872K
  class space    used 7107K, capacity 7397K, committed 7592K, reserved 1048576K
Event: 4408.644 GC heap after
Heap after GC invocations=35 (full 8):
 PSYoungGen      total 303104K, used 13781K [0x00000000eb400000, 0x0000000100000000, 0x0000000100000000)
  eden space 283648K, 0% used [0x00000000eb400000,0x00000000eb400000,0x00000000fc900000)
  from space 19456K, 70% used [0x00000000fc900000,0x00000000fd675580,0x00000000fdc00000)
  to   space 20992K, 0% used [0x00000000feb80000,0x00000000feb80000,0x0000000100000000)
 ParOldGen       total 57856K, used 23680K [0x00000000c1c00000, 0x00000000c5480000, 0x00000000eb400000)
  object space 57856K, 40% used [0x00000000c1c00000,0x00000000c33201a0,0x00000000c5480000)
 Metaspace       used 59030K, capacity 60540K, committed 61352K, reserved 1103872K
  class space    used 7107K, capacity 7397K, committed 7592K, reserved 1048576K
}
Event: 5003.848 GC heap before
{Heap before GC invocations=36 (full 8):
 PSYoungGen      total 303104K, used 282765K [0x00000000eb400000, 0x0000000100000000, 0x0000000100000000)
  eden space 283648K, 94% used [0x00000000eb400000,0x00000000fbaadff0,0x00000000fc900000)
  from space 19456K, 70% used [0x00000000fc900000,0x00000000fd675580,0x00000000fdc00000)
  to   space 20992K, 0% used [0x00000000feb80000,0x00000000feb80000,0x0000000100000000)
 ParOldGen       total 57856K, used 23680K [0x00000000c1c00000, 0x00000000c5480000, 0x00000000eb400000)
  object space 57856K, 40% used [0x00000000c1c00000,0x00000000c33201a0,0x00000000c5480000)
 Metaspace       used 59582K, capacity 61212K, committed 61864K, reserved 1103872K
  class space    used 7148K, capacity 7462K, committed 7592K, reserved 1048576K
Event: 5003.873 GC heap after
Heap after GC invocations=36 (full 8):
 PSYoungGen      total 320000K, used 4784K [0x00000000eb400000, 0x0000000100000000, 0x0000000100000000)
  eden space 299008K, 0% used [0x00000000eb400000,0x00000000eb400000,0x00000000fd800000)
  from space 20992K, 22% used [0x00000000feb80000,0x00000000ff02c090,0x0000000100000000)
  to   space 19968K, 0% used [0x00000000fd800000,0x00000000fd800000,0x00000000feb80000)
 ParOldGen       total 57856K, used 23680K [0x00000000c1c00000, 0x00000000c5480000, 0x00000000eb400000)
  object space 57856K, 40% used [0x00000000c1c00000,0x00000000c33201a0,0x00000000c5480000)
 Metaspace       used 59582K, capacity 61212K, committed 61864K, reserved 1103872K
  class space    used 7148K, capacity 7462K, committed 7592K, reserved 1048576K
}
Event: 5003.873 GC heap before
{Heap before GC invocations=37 (full 9):
 PSYoungGen      total 320000K, used 4784K [0x00000000eb400000, 0x0000000100000000, 0x0000000100000000)
  eden space 299008K, 0% used [0x00000000eb400000,0x00000000eb400000,0x00000000fd800000)
  from space 20992K, 22% used [0x00000000feb80000,0x00000000ff02c090,0x0000000100000000)
  to   space 19968K, 0% used [0x00000000fd800000,0x00000000fd800000,0x00000000feb80000)
 ParOldGen       total 57856K, used 23680K [0x00000000c1c00000, 0x00000000c5480000, 0x00000000eb400000)
  object space 57856K, 40% used [0x00000000c1c00000,0x00000000c33201a0,0x00000000c5480000)
 Metaspace       used 59582K, capacity 61212K, committed 61864K, reserved 1103872K
  class space    used 7148K, capacity 7462K, committed 7592K, reserved 1048576K
Event: 5004.472 GC heap after
Heap after GC invocations=37 (full 9):
 PSYoungGen      total 320000K, used 0K [0x00000000eb400000, 0x0000000100000000, 0x0000000100000000)
  eden space 299008K, 0% used [0x00000000eb400000,0x00000000eb400000,0x00000000fd800000)
  from space 20992K, 0% used [0x00000000feb80000,0x00000000feb80000,0x0000000100000000)
  to   space 19968K, 0% used [0x00000000fd800000,0x00000000fd800000,0x00000000feb80000)
 ParOldGen       total 57856K, used 25902K [0x00000000c1c00000, 0x00000000c5480000, 0x00000000eb400000)
  object space 57856K, 44% used [0x00000000c1c00000,0x00000000c354bb80,0x00000000c5480000)
 Metaspace       used 59553K, capacity 61164K, committed 61864K, reserved 1103872K
  class space    used 7143K, capacity 7453K, committed 7592K, reserved 1048576K
}

